
[04-24-2024 06:54:11.047 AM]
error: 	Error 
Invalid `prisma.product.create()` invocation:


Unique constraint failed on the fields: (`slug`)

[04-24-2024 06:54:17.792 AM]
error: 	Error 
Invalid `prisma.product.create()` invocation:


Unique constraint failed on the fields: (`slug`)

[04-24-2024 06:54:19.297 AM]
error: 	Error 
Invalid `prisma.product.create()` invocation:


Unique constraint failed on the fields: (`slug`)

[04-24-2024 06:54:21.414 AM]
error: 	Error 
Invalid `prisma.product.create()` invocation:


Unique constraint failed on the fields: (`slug`)

[04-24-2024 08:34:36.461 PM]
error: 	Error deleting address 
Invalid `prisma.userAddress.delete()` invocation:


An operation failed because it depends on one or more records that were required but not found. Record to delete does not exist.
